<?xml version="1.0" encoding="UTF-8"?>
<!-- Generated by org.testng.reporters.JUnitReportReporter -->
<testsuite hostname="TYC1221031" failures="0" tests="1" name="demo.MyFirstScriptTest" time="10.101" errors="0" timestamp="2024-08-09T17:00:04 IST" skipped="0">
  <testcase classname="demo.MyFirstScriptTest" name="m1Test" time="10.101"/>
  <system-out/>
</testsuite> <!-- demo.MyFirstScriptTest -->
